{"C:\\Users\\Ayuro\\OneDrive\\Bureau\\Projets\\IFOCOP\\Test unitaire\\demo\\2.jest\\app.js": {"path":"C:\\Users\\Ayuro\\OneDrive\\Bureau\\Projets\\IFOCOP\\Test unitaire\\demo\\2.jest\\app.js","all":false,"statementMap":{"0":{"start":{"line":1,"column":0},"end":{"line":1,"column":25}},"1":{"start":{"line":2,"column":0},"end":{"line":2,"column":20}},"2":{"start":{"line":3,"column":0},"end":{"line":3,"column":17}},"3":{"start":{"line":4,"column":0},"end":{"line":4,"column":10}},"4":{"start":{"line":5,"column":0},"end":{"line":5,"column":3}},"5":{"start":{"line":6,"column":0},"end":{"line":6,"column":20}},"6":{"start":{"line":7,"column":0},"end":{"line":7,"column":17}},"7":{"start":{"line":8,"column":0},"end":{"line":8,"column":10}},"8":{"start":{"line":9,"column":0},"end":{"line":9,"column":3}},"9":{"start":{"line":10,"column":0},"end":{"line":10,"column":15}},"10":{"start":{"line":11,"column":0},"end":{"line":11,"column":2}},"11":{"start":{"line":12,"column":0},"end":{"line":12,"column":0}},"12":{"start":{"line":13,"column":0},"end":{"line":13,"column":29}}},"s":{"0":1,"1":6,"2":6,"3":1,"4":1,"5":6,"6":6,"7":1,"8":1,"9":6,"10":6,"11":1,"12":1},"branchMap":{"0":{"type":"branch","line":1,"loc":{"start":{"line":1,"column":14},"end":{"line":11,"column":2}},"locations":[{"start":{"line":1,"column":14},"end":{"line":11,"column":2}}]},"1":{"type":"branch","line":3,"loc":{"start":{"line":3,"column":16},"end":{"line":5,"column":3}},"locations":[{"start":{"line":3,"column":16},"end":{"line":5,"column":3}}]},"2":{"type":"branch","line":7,"loc":{"start":{"line":7,"column":16},"end":{"line":9,"column":3}},"locations":[{"start":{"line":7,"column":16},"end":{"line":9,"column":3}}]}},"b":{"0":[6],"1":[1],"2":[1]},"fnMap":{"0":{"name":"somme","decl":{"start":{"line":1,"column":14},"end":{"line":11,"column":2}},"loc":{"start":{"line":1,"column":14},"end":{"line":11,"column":2}},"line":1}},"f":{"0":6}}
}
